{"uuid":"a868dbb8-efac-4e91-8c2e-d211e773c8ea","historyId":"f8b3fd7660e89a424e036c10db39829","fullName":"com.imdb.demoimdbtestcase.test.imdb.ImdbFilmTest.menuAndSearchMatchingTest_TheJazzSinger","labels":[{"name":"package","value":"com.imdb.demoimdbtestcase.test.imdb.ImdbFilmTest"},{"name":"testClass","value":"com.imdb.demoimdbtestcase.test.imdb.ImdbFilmTest"},{"name":"testMethod","value":"menuAndSearchMatchingTest_TheJazzSinger"},{"name":"parentSuite","value":"Default Suite"},{"name":"suite","value":"demo-imdb-test-case"},{"name":"subSuite","value":"com.imdb.demoimdbtestcase.test.imdb.ImdbFilmTest"},{"name":"host","value":"192.168.1.36"},{"name":"thread","value":"2600@192.168.1.36.main(1)"},{"name":"framework","value":"testng"},{"name":"language","value":"java"}],"links":[],"name":"menuAndSearchMatchingTest_TheJazzSinger","status":"broken","statusDetails":{"known":false,"muted":false,"flaky":false,"message":"Expected condition failed: waiting for element to be clickable: Proxy element for: DefaultElementLocator 'By.linkText: /title/tt0018037/mediaindex/?ref_=tt_mi_sm' (tried for 20 second(s) with 500 milliseconds interval)","trace":"org.openqa.selenium.TimeoutException: Expected condition failed: waiting for element to be clickable: Proxy element for: DefaultElementLocator 'By.linkText: /title/tt0018037/mediaindex/?ref_=tt_mi_sm' (tried for 20 second(s) with 500 milliseconds interval)\n\tat org.openqa.selenium.support.ui.WebDriverWait.timeoutException(WebDriverWait.java:87)\n\tat org.openqa.selenium.support.ui.FluentWait.until(FluentWait.java:231)\n\tat com.imdb.demoimdbtestcase.page.BasePage.waitFor(BasePage.java:27)\n\tat com.imdb.demoimdbtestcase.page.BasePage.click(BasePage.java:31)\n\tat com.imdb.demoimdbtestcase.page.imdb.jazzsinger.TheJazzSingerFilmDetailsPage.navigateToPhotoGallery(TheJazzSingerFilmDetailsPage.java:43)\n\tat com.imdb.demoimdbtestcase.test.imdb.ImdbFilmTest.menuAndSearchMatchingTest_TheJazzSinger(ImdbFilmTest.java:166)\n\tat java.base/jdk.internal.reflect.NativeMethodAccessorImpl.invoke0(Native Method)\n\tat java.base/jdk.internal.reflect.NativeMethodAccessorImpl.invoke(NativeMethodAccessorImpl.java:62)\n\tat java.base/jdk.internal.reflect.DelegatingMethodAccessorImpl.invoke(DelegatingMethodAccessorImpl.java:43)\n\tat java.base/java.lang.reflect.Method.invoke(Method.java:566)\n\tat org.testng.internal.invokers.MethodInvocationHelper.invokeMethod(MethodInvocationHelper.java:139)\n\tat org.testng.internal.invokers.TestInvoker.invokeMethod(TestInvoker.java:677)\n\tat org.testng.internal.invokers.TestInvoker.invokeTestMethod(TestInvoker.java:221)\n\tat org.testng.internal.invokers.MethodRunner.runInSequence(MethodRunner.java:50)\n\tat org.testng.internal.invokers.TestInvoker$MethodInvocationAgent.invoke(TestInvoker.java:962)\n\tat org.testng.internal.invokers.TestInvoker.invokeTestMethods(TestInvoker.java:194)\n\tat org.testng.internal.invokers.TestMethodWorker.invokeTestMethods(TestMethodWorker.java:148)\n\tat org.testng.internal.invokers.TestMethodWorker.run(TestMethodWorker.java:128)\n\tat java.base/java.util.ArrayList.forEach(ArrayList.java:1541)\n\tat org.testng.TestRunner.privateRun(TestRunner.java:806)\n\tat org.testng.TestRunner.run(TestRunner.java:601)\n\tat org.testng.SuiteRunner.runTest(SuiteRunner.java:433)\n\tat org.testng.SuiteRunner.runSequentially(SuiteRunner.java:427)\n\tat org.testng.SuiteRunner.privateRun(SuiteRunner.java:387)\n\tat org.testng.SuiteRunner.run(SuiteRunner.java:330)\n\tat org.testng.SuiteRunnerWorker.runSuite(SuiteRunnerWorker.java:52)\n\tat org.testng.SuiteRunnerWorker.run(SuiteRunnerWorker.java:95)\n\tat org.testng.TestNG.runSuitesSequentially(TestNG.java:1256)\n\tat org.testng.TestNG.runSuitesLocally(TestNG.java:1176)\n\tat org.testng.TestNG.runSuites(TestNG.java:1099)\n\tat org.testng.TestNG.run(TestNG.java:1067)\n\tat com.intellij.rt.testng.IDEARemoteTestNG.run(IDEARemoteTestNG.java:66)\n\tat com.intellij.rt.testng.RemoteTestNGStarter.main(RemoteTestNGStarter.java:109)\nCaused by: org.openqa.selenium.NoSuchElementException: no such element: Unable to locate element: {\"method\":\"link text\",\"selector\":\"/title/tt0018037/mediaindex/?ref_=tt_mi_sm\"}\n  (Session info: chrome=109.0.5414.119)\nFor documentation on this error, please visit: https://selenium.dev/exceptions/#no_such_element\nBuild info: version: '4.4.0', revision: 'e5c75ed026a'\nSystem info: host: '192.168.1.36', ip: 'fe80:0:0:0:1cff:4282:c2bd:faa4%en0', os.name: 'Mac OS X', os.arch: 'aarch64', os.version: '12.3.1', java.version: '11.0.17'\nDriver info: org.openqa.selenium.chrome.ChromeDriver\nCommand: [670782d6b7ab9bf374335979cb1ef2ea, findElement {using=link text, value=/title/tt0018037/mediaindex/?ref_=tt_mi_sm}]\nCapabilities {acceptInsecureCerts: false, browserName: chrome, browserVersion: 109.0.5414.119, chrome: {chromedriverVersion: 109.0.5414.74 (e7c5703604da..., userDataDir: /var/folders/6q/gmgxc7gs3h5...}, goog:chromeOptions: {debuggerAddress: localhost:49392}, networkConnectionEnabled: false, pageLoadStrategy: normal, platformName: MAC, proxy: Proxy(), se:cdp: ws://localhost:49392/devtoo..., se:cdpVersion: 109.0.5414.119, setWindowRect: true, strictFileInteractability: false, timeouts: {implicit: 0, pageLoad: 300000, script: 30000}, unhandledPromptBehavior: dismiss and notify, webauthn:extension:credBlob: true, webauthn:extension:largeBlob: true, webauthn:virtualAuthenticators: true}\nSession ID: 670782d6b7ab9bf374335979cb1ef2ea\n\tat jdk.internal.reflect.GeneratedConstructorAccessor13.newInstance(Unknown Source)\n\tat java.base/jdk.internal.reflect.DelegatingConstructorAccessorImpl.newInstance(DelegatingConstructorAccessorImpl.java:45)\n\tat java.base/java.lang.reflect.Constructor.newInstance(Constructor.java:490)\n\tat org.openqa.selenium.remote.codec.w3c.W3CHttpResponseCodec.createException(W3CHttpResponseCodec.java:200)\n\tat org.openqa.selenium.remote.codec.w3c.W3CHttpResponseCodec.decode(W3CHttpResponseCodec.java:133)\n\tat org.openqa.selenium.remote.codec.w3c.W3CHttpResponseCodec.decode(W3CHttpResponseCodec.java:53)\n\tat org.openqa.selenium.remote.HttpCommandExecutor.execute(HttpCommandExecutor.java:184)\n\tat org.openqa.selenium.remote.service.DriverCommandExecutor.invokeExecute(DriverCommandExecutor.java:167)\n\tat org.openqa.selenium.remote.service.DriverCommandExecutor.execute(DriverCommandExecutor.java:142)\n\tat org.openqa.selenium.remote.RemoteWebDriver.execute(RemoteWebDriver.java:547)\n\tat org.openqa.selenium.remote.ElementLocation$ElementFinder$2.findElement(ElementLocation.java:162)\n\tat org.openqa.selenium.remote.ElementLocation.findElement(ElementLocation.java:60)\n\tat org.openqa.selenium.remote.RemoteWebDriver.findElement(RemoteWebDriver.java:365)\n\tat org.openqa.selenium.remote.RemoteWebDriver.findElement(RemoteWebDriver.java:357)\n\tat org.openqa.selenium.support.pagefactory.DefaultElementLocator.findElement(DefaultElementLocator.java:70)\n\tat org.openqa.selenium.support.pagefactory.internal.LocatingElementHandler.invoke(LocatingElementHandler.java:39)\n\tat com.sun.proxy.$Proxy19.isDisplayed(Unknown Source)\n\tat org.openqa.selenium.support.ui.ExpectedConditions.elementIfVisible(ExpectedConditions.java:307)\n\tat org.openqa.selenium.support.ui.ExpectedConditions.access$000(ExpectedConditions.java:40)\n\tat org.openqa.selenium.support.ui.ExpectedConditions$10.apply(ExpectedConditions.java:293)\n\tat org.openqa.selenium.support.ui.ExpectedConditions$10.apply(ExpectedConditions.java:290)\n\tat org.openqa.selenium.support.ui.ExpectedConditions$23.apply(ExpectedConditions.java:660)\n\tat org.openqa.selenium.support.ui.ExpectedConditions$23.apply(ExpectedConditions.java:656)\n\tat org.openqa.selenium.support.ui.FluentWait.until(FluentWait.java:208)\n\t... 31 more\n"},"stage":"finished","steps":[{"name":"Get IMDB Main Page","status":"passed","stage":"finished","steps":[],"attachments":[],"parameters":[],"start":1675203376999,"stop":1675203379450},{"name":"Navigate to Oscars Page","status":"passed","stage":"finished","steps":[],"attachments":[],"parameters":[],"start":1675203379450,"stop":1675203381660},{"name":"Scroll down to event history and click 1929","status":"passed","stage":"finished","steps":[],"attachments":[],"parameters":[],"start":1675203381661,"stop":1675203383489},{"name":"Navigate to The Jazz Singer film details","status":"passed","stage":"finished","steps":[],"attachments":[],"parameters":[],"start":1675203383490,"stop":1675203385835},{"name":"Return to main page via clicking IMDB button","status":"passed","stage":"finished","steps":[],"attachments":[],"parameters":[],"start":1675203386159,"stop":1675203387799},{"name":"Search fim in search field","status":"passed","stage":"finished","steps":[],"attachments":[],"parameters":[{"name":"searchText","value":"The Jazz Singer"}],"start":1675203387800,"stop":1675203390349}],"attachments":[],"parameters":[],"start":1675203376973,"stop":1675203411192}